\BOOKMARK [1][-]{section.1}{\376\377\133\236\232\214\121\205\133\271}{}% 1
\BOOKMARK [1][-]{section.2}{\376\377\133\236\232\214\213\276\213\241}{}% 2
\BOOKMARK [2][-]{subsection.2.1}{\376\377\143\247\122\066\126\150\000\050\000C\000o\000n\000t\000r\000o\000l\000l\000e\000r\000\051}{section.2}% 3
\BOOKMARK [3][-]{subsubsection.2.1.1}{\376\377\122\237\200\375\143\317\217\360}{subsection.2.1}% 4
\BOOKMARK [3][-]{subsubsection.2.1.2}{\376\377\143\245\123\343\133\232\116\111}{subsection.2.1}% 5
\BOOKMARK [3][-]{subsubsection.2.1.3}{\376\377\220\073\217\221\143\247\122\066}{subsection.2.1}% 6
\BOOKMARK [2][-]{subsection.2.2}{\376\377\133\130\120\250\126\150\000\050\000B\000l\000o\000c\000k\000\040\000M\000e\000m\000o\000r\000y\000\051}{section.2}% 7
\BOOKMARK [3][-]{subsubsection.2.2.1}{\376\377\174\173\127\213\220\011\142\351}{subsection.2.2}% 8
\BOOKMARK [3][-]{subsubsection.2.2.2}{\376\377\123\302\145\160\213\276\177\156}{subsection.2.2}% 9
\BOOKMARK [1][-]{section.3}{\376\377\133\236\232\214\217\307\172\013\213\260\137\125}{}% 10
\BOOKMARK [2][-]{subsection.3.1}{\376\377\000P\000C\213\276\213\241}{section.3}% 11
\BOOKMARK [2][-]{subsection.3.2}{\376\377\000C\000o\000n\000t\000r\000o\000l\000l\000e\000r\213\276\213\241}{section.3}% 12
\BOOKMARK [2][-]{subsection.3.3}{\376\377\143\007\116\344\133\130\120\250\126\150\214\003\165\050}{section.3}% 13
\BOOKMARK [2][-]{subsection.3.4}{\376\377\230\166\134\102\145\207\116\366\213\276\213\241}{section.3}% 14
\BOOKMARK [2][-]{subsection.3.5}{\376\377\225\356\230\230\123\312\211\343\121\263\145\271\150\110}{section.3}% 15
\BOOKMARK [3][-]{subsubsection.3.5.1}{\376\377\225\356\230\230\0001}{subsection.3.5}% 16
\BOOKMARK [3][-]{subsubsection.3.5.2}{\376\377\225\356\230\230\0002}{subsection.3.5}% 17
\BOOKMARK [3][-]{subsubsection.3.5.3}{\376\377\225\356\230\230\0002}{subsection.3.5}% 18
\BOOKMARK [1][-]{section.4}{\376\377\133\236\232\214\176\323\147\234\123\312\122\006\147\220}{}% 19
\BOOKMARK [2][-]{subsection.4.1}{\376\377\116\377\167\037\126\376}{section.4}% 20
\BOOKMARK [2][-]{subsection.4.2}{\376\377\116\012\147\177\126\376}{section.4}% 21
\BOOKMARK [2][-]{subsection.4.3}{\376\377\143\247\122\066\123\360\217\223\121\372}{section.4}% 22
\BOOKMARK [1][-]{appendix.A}{\376\377\000C\000o\000n\000t\000r\000o\000l\000l\000e\000r\116\343\170\001}{}% 23
\BOOKMARK [1][-]{appendix.B}{\376\377\000a\000l\000u\000\137\000d\000e\000c\116\343\170\001}{}% 24
\BOOKMARK [1][-]{appendix.C}{\376\377\000m\000a\000i\000n\000\137\000d\000e\000c\116\343\170\001}{}% 25
\BOOKMARK [1][-]{appendix.D}{\376\377\000t\000o\000p\116\343\170\001}{}% 26
