\BOOKMARK [1][-]{section.1}{\376\377\133\236\232\214\121\205\133\271}{}% 1
\BOOKMARK [1][-]{section.2}{\376\377\133\236\232\214\213\276\213\241}{}% 2
\BOOKMARK [2][-]{subsection.2.1}{\376\377\145\160\143\156\220\032\215\357\152\041\127\127}{section.2}% 3
\BOOKMARK [3][-]{subsubsection.2.1.1}{\376\377\122\237\200\375\143\317\217\360}{subsection.2.1}% 4
\BOOKMARK [3][-]{subsubsection.2.1.2}{\376\377\143\245\123\343\133\232\116\111}{subsection.2.1}% 5
\BOOKMARK [2][-]{subsection.2.2}{\376\377\121\222\226\151\131\004\164\006\152\041\127\127}{section.2}% 6
\BOOKMARK [3][-]{subsubsection.2.2.1}{\376\377\122\237\200\375\143\317\217\360}{subsection.2.2}% 7
\BOOKMARK [3][-]{subsubsection.2.2.2}{\376\377\143\245\123\343\133\232\116\111}{subsection.2.2}% 8
\BOOKMARK [1][-]{section.3}{\376\377\133\236\232\214\217\307\172\013\213\260\137\125}{}% 9
\BOOKMARK [2][-]{subsection.3.1}{\376\377\000d\000a\000t\000a\000p\000a\000t\000h\377\014\000c\000o\000n\000t\000r\000o\000l\000l\000e\000r\155\101\154\064\176\277\123\026}{section.3}% 10
\BOOKMARK [2][-]{subsection.3.2}{\376\377\121\222\226\151\166\204\211\343\121\263}{section.3}% 11
\BOOKMARK [2][-]{subsection.3.3}{\376\377\225\356\230\230}{section.3}% 12
\BOOKMARK [3][-]{subsubsection.3.3.1}{\376\377\225\356\230\230\143\317\217\360}{subsection.3.3}% 13
\BOOKMARK [3][-]{subsubsection.3.3.2}{\376\377\225\356\230\230\211\343\121\263}{subsection.3.3}% 14
\BOOKMARK [1][-]{section.4}{\376\377\133\236\232\214\176\323\147\234\123\312\122\006\147\220}{}% 15
\BOOKMARK [2][-]{subsection.4.1}{\376\377\116\377\167\037\126\376}{section.4}% 16
\BOOKMARK [2][-]{subsection.4.2}{\376\377\143\247\122\066\123\360\217\223\121\372}{section.4}% 17
\BOOKMARK [2][-]{subsection.4.3}{\376\377\176\323\147\234\122\006\147\220}{section.4}% 18
\BOOKMARK [1][-]{appendix.A}{\376\377\000D\000a\000t\000a\000p\000a\000t\000h\116\343\170\001}{}% 19
\BOOKMARK [1][-]{appendix.B}{\376\377\000H\000a\000z\000a\000r\000d\116\343\170\001}{}% 20
\BOOKMARK [1][-]{appendix.C}{\376\377\000C\000o\000n\000t\000r\000o\000l\000l\000e\000r\116\343\170\001}{}% 21
